<?xml version="1.0" encoding="UTF-8"?>
<testng-results ignored="0" total="0" passed="0" failed="0" skipped="0">
  <reporter-output>
  </reporter-output>
  <suite started-at="2022-03-03T12:43:50 IST" name="Default suite" finished-at="2022-03-03T12:43:51 IST" duration-ms="1427">
    <groups>
      <group name="cucumber">
        <method signature="AbstractTestNGCucumberTests.runScenario(io.cucumber.testng.PickleWrapper,io.cucumber.testng.FeatureWrapper)[pri:0, instance:com.HooksTags.TestRunner@7674f035]" name="runScenario" class="io.cucumber.testng.AbstractTestNGCucumberTests"/>
      </group> <!-- cucumber -->
    </groups>
    <test started-at="2022-03-03T12:43:50 IST" name="Default test" finished-at="2022-03-03T12:43:51 IST" duration-ms="1427">
      <class name="com.HooksTags.TestRunner">
        <test-method is-config="true" signature="setUpClass(org.testng.ITestContext)[pri:0, instance:com.HooksTags.TestRunner@7674f035]" started-at="2022-03-03T12:43:50 IST" name="setUpClass" finished-at="2022-03-03T12:43:51 IST" duration-ms="1223" status="PASS">
          <params>
            <param index="0">
              <value>
                <![CDATA[org.testng.TestRunner@60cf80e7]]>
              </value>
            </param>
          </params>
          <reporter-output>
          </reporter-output>
        </test-method> <!-- setUpClass -->
        <test-method is-config="true" signature="tearDownClass()[pri:0, instance:com.HooksTags.TestRunner@7674f035]" started-at="2022-03-03T12:43:51 IST" name="tearDownClass" finished-at="2022-03-03T12:43:51 IST" duration-ms="140" status="PASS">
          <reporter-output>
          </reporter-output>
        </test-method> <!-- tearDownClass -->
      </class> <!-- com.HooksTags.TestRunner -->
    </test> <!-- Default test -->
  </suite> <!-- Default suite -->
</testng-results>
