<?xml version="1.0" encoding="UTF-8"?>
<!-- Generated by org.testng.reporters.JUnitXMLReporter -->
<testsuite ignored="1" hostname="LAPTOP-N1TLI8FE" failures="0" tests="3" name="APSRTCSCript" time="66.644" errors="0" timestamp="2022-02-23T19:32:56 IST">
  <testcase classname="com.testNG.APSRTCSCript" name="AHYDtoVJY" time="30.12"/>
  <testcase classname="com.testNG.APSRTCSCript" name="BHYdtoBngl" time="19.358"/>
  <testcase classname="com.testNG.APSRTCSCript" name="BHYdtoBngl" time="17.047"/>
  <testcase classname="com.testNG.APSRTCSCript" name="CHYDtoChn" time="0.0">
    <ignored/>
  </testcase> <!-- CHYDtoChn -->
</testsuite> <!-- APSRTCSCript -->
