<?xml version="1.0" encoding="UTF-8"?>
<!-- Generated by org.testng.reporters.JUnitXMLReporter -->
<testsuite ignored="1" hostname="LAPTOP-N1TLI8FE" failures="0" tests="3" name="APSRTCSCript" time="71.138" errors="0" timestamp="2022-02-23T20:34:38 IST">
  <testcase classname="com.testNG.APSRTCSCript" name="AHYDtoVJY" time="23.391"/>
  <testcase classname="com.testNG.APSRTCSCript" name="BHYdtoBngl" time="24.13"/>
  <testcase classname="com.testNG.APSRTCSCript" name="BHYdtoBngl" time="23.503"/>
  <testcase classname="com.testNG.APSRTCSCript" name="CHYDtoChn" time="0.0">
    <ignored/>
  </testcase> <!-- CHYDtoChn -->
</testsuite> <!-- APSRTCSCript -->
