<?xml version="1.0" encoding="UTF-8"?>
<!-- Generated by org.testng.reporters.JUnitXMLReporter -->
<testsuite ignored="0" hostname="LAPTOP-N1TLI8FE" failures="1" tests="1" name="Facebook" time="0.088" errors="0" timestamp="2022-02-03T17:06:39 IST">
  <testcase classname="com.automation.TestNGScipts.Facebook" name="account" time="0.017">
    <failure type="java.lang.NullPointerException">
      <![CDATA[java.lang.NullPointerException
at com.automation.TestNGScipts.Facebook.account(Facebook.java:11)
at java.base/java.util.ArrayList.forEach(ArrayList.java:1540)
... Removed 27 stack frames]]>
    </failure>
  </testcase> <!-- account -->
</testsuite> <!-- Facebook -->
