<?xml version="1.0" encoding="UTF-8"?>
<!-- Generated by org.testng.reporters.JUnitXMLReporter -->
<testsuite ignored="0" hostname="LAPTOP-N1TLI8FE" failures="0" tests="2" name="FFTest" time="0.094" errors="0" timestamp="2022-02-21T19:06:31 IST">
  <testcase classname="com.testNG.ParameterisedScipt" name="@BeforeMethod Login" time="0.0">
    <failure type="java.lang.NullPointerException">
      <![CDATA[java.lang.NullPointerException
at com.testNG.ParameterisedScipt.Login(ParameterisedScipt.java:56)
at java.base/java.util.ArrayList.forEach(ArrayList.java:1540)
... Removed 31 stack frames]]>
    </failure>
  </testcase> <!-- @BeforeMethod Login -->
  <testcase classname="com.testNG.ParameterisedScipt" name="@AfterMethod Logout" time="0.0">
    <skipped/>
  </testcase> <!-- @AfterMethod Logout -->
  <testcase classname="com.testNG.ParameterisedScipt" name="@BeforeMethod Login" time="0.0">
    <skipped/>
  </testcase> <!-- @BeforeMethod Login -->
  <testcase classname="com.testNG.ParameterisedScipt" name="@AfterMethod Logout" time="0.0">
    <skipped/>
  </testcase> <!-- @AfterMethod Logout -->
  <testcase classname="com.testNG.ParameterisedScipt" name="@AfterClass close" time="0.0">
    <skipped/>
  </testcase> <!-- @AfterClass close -->
  <testcase classname="com.testNG.ParameterisedScipt" name="@AfterTest closeBrowser" time="0.0">
    <skipped/>
  </testcase> <!-- @AfterTest closeBrowser -->
  <testcase classname="com.testNG.ParameterisedScipt" name="AHYDtoVJY" time="0.0">
    <skipped/>
  </testcase> <!-- AHYDtoVJY -->
  <testcase classname="com.testNG.ParameterisedScipt" name="CHYDtoChn" time="0.0">
    <skipped/>
  </testcase> <!-- CHYDtoChn -->
</testsuite> <!-- FFTest -->
