<?xml version="1.0" encoding="UTF-8"?>
<!-- Generated by org.testng.reporters.JUnitXMLReporter -->
<testsuite ignored="1" hostname="LAPTOP-N1TLI8FE" failures="2" tests="2" name="TestNGAnnotations" time="6.17" errors="0" timestamp="2022-02-21T22:00:25 IST">
  <testcase classname="com.testNG.TestNGAnnotations" name="BHYdtoBngl" time="3.078">
    <failure type="java.lang.IllegalArgumentException" message="Driver must be set">
      <![CDATA[java.lang.IllegalArgumentException: Driver must be set
at org.openqa.selenium.internal.Require.nonNull(Require.java:56)
at org.openqa.selenium.interactions.Actions.<init>(Actions.java:67)
at com.testNG.TestNGAnnotations.BHYdtoBngl(TestNGAnnotations.java:87)
at java.base/java.util.ArrayList.forEach(ArrayList.java:1540)
... Removed 27 stack frames]]>
    </failure>
  </testcase> <!-- BHYdtoBngl -->
  <testcase classname="com.testNG.TestNGAnnotations" name="AHYDtoVJY" time="3.006">
    <failure type="java.lang.IllegalArgumentException" message="Driver must be set">
      <![CDATA[java.lang.IllegalArgumentException: Driver must be set
at org.openqa.selenium.internal.Require.nonNull(Require.java:56)
at org.openqa.selenium.interactions.Actions.<init>(Actions.java:67)
at com.testNG.TestNGAnnotations.AHYDtoVJY(TestNGAnnotations.java:51)
at java.base/java.util.ArrayList.forEach(ArrayList.java:1540)
... Removed 27 stack frames]]>
    </failure>
  </testcase> <!-- AHYDtoVJY -->
  <testcase classname="com.testNG.TestNGAnnotations" name="CHYDtoChn" time="0.0">
    <ignored/>
  </testcase> <!-- CHYDtoChn -->
</testsuite> <!-- TestNGAnnotations -->
