<?xml version="1.0" encoding="UTF-8"?>
<!-- Generated by org.testng.reporters.JUnitXMLReporter -->
<testsuite ignored="0" hostname="LAPTOP-N1TLI8FE" failures="0" tests="11" name="Demo1" time="0.164" errors="0" timestamp="2022-03-14T12:39:41 IST">
  <testcase classname="com.TestNGSampleScripts.Demo1" name="MBLTest" time="0.02"/>
  <testcase classname="com.TestNGSampleScripts.Demo1" name="MBRTest" time="0.002"/>
  <testcase classname="com.TestNGSampleScripts.Demo1" name="MSRTest" time="0.003"/>
  <testcase classname="com.TestNGSampleScripts.Demo2" name="MBLTest2" time="0.003"/>
  <testcase classname="com.TestNGSampleScripts.Demo2" name="MBRTest2" time="0.001"/>
  <testcase classname="com.TestNGSampleScripts.Demo2" name="MBRTestOverride" time="0.003"/>
  <testcase classname="com.TestNGSampleScripts.Demo2" name="MSRTest2" time="0.004"/>
  <testcase classname="com.TestNGSampleScripts.Demo3" name="MBLTest3" time="0.002"/>
  <testcase classname="com.TestNGSampleScripts.Demo3" name="MBRTest3" time="0.002"/>
  <testcase classname="com.TestNGSampleScripts.Demo3" name="MSRTest3" time="0.004"/>
  <testcase classname="com.TestNGSampleScripts.Demo3" name="MSRTestOverride" time="0.002"/>
</testsuite> <!-- Demo1 -->
