<?xml version="1.0" encoding="UTF-8"?>
<!-- Generated by org.testng.reporters.JUnitXMLReporter -->
<testsuite ignored="0" hostname="LAPTOP-N1TLI8FE" failures="0" tests="4" name="Demo2" time="0.047" errors="0" timestamp="2022-03-14T12:37:31 IST">
  <testcase classname="com.TestNGSampleScripts.Demo2" name="MBLTest2" time="0.002"/>
  <testcase classname="com.TestNGSampleScripts.Demo2" name="MBRTest2" time="0.003"/>
  <testcase classname="com.TestNGSampleScripts.Demo2" name="MBRTestOverride" time="0.004"/>
  <testcase classname="com.TestNGSampleScripts.Demo2" name="MSRTest2" time="0.004"/>
</testsuite> <!-- Demo2 -->
