<?xml version="1.0" encoding="UTF-8"?>
<!-- Generated by org.testng.reporters.JUnitXMLReporter -->
<testsuite ignored="0" hostname="LAPTOP-N1TLI8FE" failures="0" tests="4" name="Demo3" time="0.04" errors="0" timestamp="2022-03-14T12:37:31 IST">
  <testcase classname="com.TestNGSampleScripts.Demo3" name="MBLTest3" time="0.005"/>
  <testcase classname="com.TestNGSampleScripts.Demo3" name="MBRTest3" time="0.002"/>
  <testcase classname="com.TestNGSampleScripts.Demo3" name="MSRTest3" time="0.003"/>
  <testcase classname="com.TestNGSampleScripts.Demo3" name="MSRTestOverride" time="0.012"/>
</testsuite> <!-- Demo3 -->
