<?xml version="1.0" encoding="UTF-8"?>
<!-- Generated by org.testng.reporters.JUnitXMLReporter -->
<testsuite ignored="7" hostname="LAPTOP-N1TLI8FE" failures="0" tests="1" name="MultiTest" time="0.087" errors="0" timestamp="2022-03-14T17:00:41 IST">
  <testcase classname="com.TestNGSampleScripts.Demo3" name="MBRTest3" time="0.009"/>
  <testcase classname="com.TestNGSampleScripts.Demo3" name="MSRTest3" time="0.0">
    <ignored/>
  </testcase> <!-- MSRTest3 -->
  <testcase classname="com.TestNGSampleScripts.Demo2" name="MSRTest2" time="0.0">
    <ignored/>
  </testcase> <!-- MSRTest2 -->
  <testcase classname="com.TestNGSampleScripts.Demo3" name="MSRTestOverride" time="0.0">
    <ignored/>
  </testcase> <!-- MSRTestOverride -->
  <testcase classname="com.TestNGSampleScripts.Demo2" name="MBRTest2" time="0.0">
    <ignored/>
  </testcase> <!-- MBRTest2 -->
  <testcase classname="com.TestNGSampleScripts.Demo2" name="MBLTest2" time="0.0">
    <ignored/>
  </testcase> <!-- MBLTest2 -->
  <testcase classname="com.TestNGSampleScripts.Demo3" name="MBLTest3" time="0.0">
    <ignored/>
  </testcase> <!-- MBLTest3 -->
  <testcase classname="com.TestNGSampleScripts.Demo2" name="MBRTestOverride" time="0.0">
    <ignored/>
  </testcase> <!-- MBRTestOverride -->
</testsuite> <!-- MultiTest -->
