<?xml version="1.0" encoding="UTF-8"?>
<!-- Generated by org.testng.reporters.JUnitXMLReporter -->
<testsuite ignored="1" hostname="LAPTOP-N1TLI8FE" failures="0" tests="5" name="MultiTest2" time="0.088" errors="0" timestamp="2022-03-14T17:00:42 IST">
  <testcase classname="com.TestNGSampleScripts.Demo4" name="MBLTest5" time="0.008"/>
  <testcase classname="com.TestNGSampleScripts.Demo4" name="MSRTest5" time="0.017"/>
  <testcase classname="com.TestNGSampleScripts.Demo5" name="MSRTest6" time="0.003"/>
  <testcase classname="com.TestNGSampleScripts.Demo5" name="MBRTest6" time="0.003"/>
  <testcase classname="com.TestNGSampleScripts.Demo5" name="MBLTest6" time="0.011"/>
  <testcase classname="com.TestNGSampleScripts.Demo4" name="MBRTest5" time="0.0">
    <ignored/>
  </testcase> <!-- MBRTest5 -->
</testsuite> <!-- MultiTest2 -->
