<?xml version="1.0" encoding="UTF-8"?>
<!-- Generated by org.testng.reporters.JUnitXMLReporter -->
<testsuite ignored="0" hostname="LAPTOP-N1TLI8FE" failures="0" tests="17" name="PackageTest" time="0.286" errors="0" timestamp="2022-03-14T12:51:19 IST">
  <testcase classname="com.TestNGSampleScripts.Demo1" name="MBLTest" time="0.018"/>
  <testcase classname="com.TestNGSampleScripts.Demo1" name="MBRTest" time="0.004"/>
  <testcase classname="com.TestNGSampleScripts.Demo1" name="MSRTest" time="0.002"/>
  <testcase classname="com.TestNGSampleScripts.Demo2" name="MBLTest2" time="0.003"/>
  <testcase classname="com.TestNGSampleScripts.Demo2" name="MBRTest2" time="0.003"/>
  <testcase classname="com.TestNGSampleScripts.Demo2" name="MBRTestOverride" time="0.004"/>
  <testcase classname="com.TestNGSampleScripts.Demo2" name="MSRTest2" time="0.003"/>
  <testcase classname="com.TestNGSampleScripts.Demo3" name="MBLTest3" time="0.003"/>
  <testcase classname="com.TestNGSampleScripts.Demo3" name="MBRTest3" time="0.005"/>
  <testcase classname="com.TestNGSampleScripts.Demo3" name="MSRTest3" time="0.004"/>
  <testcase classname="com.TestNGSampleScripts.Demo3" name="MSRTestOverride" time="0.005"/>
  <testcase classname="com.TestNGSampleScripts.Demo4" name="MBLTest5" time="0.004"/>
  <testcase classname="com.TestNGSampleScripts.Demo4" name="MBRTest5" time="0.013"/>
  <testcase classname="com.TestNGSampleScripts.Demo4" name="MSRTest5" time="0.003"/>
  <testcase classname="com.TestNGSampleScripts.Demo5" name="MBLTest6" time="0.002"/>
  <testcase classname="com.TestNGSampleScripts.Demo5" name="MBRTest6" time="0.004"/>
  <testcase classname="com.TestNGSampleScripts.Demo5" name="MSRTest6" time="0.002"/>
</testsuite> <!-- PackageTest -->
