<?xml version="1.0" encoding="UTF-8"?>
<!-- Generated by org.testng.reporters.JUnitXMLReporter -->
<testsuite ignored="0" hostname="LAPTOP-N1TLI8FE" failures="1" tests="3" name="Test" time="0.138" errors="0" timestamp="2022-03-21T15:44:10 IST">
  <testcase classname="com.TestNGSampleScripts.ListenerDemo" name="A" time="0.017"/>
  <testcase classname="com.TestNGSampleScripts.ListenerDemo" name="B" time="0.016">
    <failure type="java.lang.AssertionError" message="expected [true] but found [false]">
      <![CDATA[java.lang.AssertionError: expected [true] but found [false]
at com.TestNGSampleScripts.ListenerDemo.B(ListenerDemo.java:18)
at java.base/java.util.ArrayList.forEach(ArrayList.java:1540)
... Removed 31 stack frames]]>
    </failure>
  </testcase> <!-- B -->
  <testcase classname="com.TestNGSampleScripts.ListenerDemo" name="C" time="0.003"/>
</testsuite> <!-- Test -->
