<?xml version="1.0" encoding="UTF-8"?>
<!-- Generated by org.testng.reporters.JUnitXMLReporter -->
<testsuite ignored="2" hostname="LAPTOP-N1TLI8FE" failures="0" tests="2" name="Test" time="0.087" errors="0" timestamp="2022-03-14T17:14:57 IST">
  <testcase classname="com.TestNGSampleScripts.Demo2" name="MBRTest2" time="0.004"/>
  <testcase classname="com.TestNGSampleScripts.Demo2" name="MBRTestOverride" time="0.003"/>
  <testcase classname="com.TestNGSampleScripts.Demo2" name="MSRTest2" time="0.0">
    <ignored/>
  </testcase> <!-- MSRTest2 -->
  <testcase classname="com.TestNGSampleScripts.Demo2" name="MBLTest2" time="0.0">
    <ignored/>
  </testcase> <!-- MBLTest2 -->
</testsuite> <!-- Test -->
