<?xml version="1.0" encoding="UTF-8"?>
<!-- Generated by org.testng.reporters.JUnitXMLReporter -->
<testsuite ignored="0" hostname="LAPTOP-N1TLI8FE" failures="0" tests="3" name="Test" time="0.23" errors="0" timestamp="2022-03-14T17:14:57 IST">
  <testcase classname="com.TestNGSampleScripts.Demo1" name="MSRTest" time="0.026"/>
  <testcase classname="com.TestNGSampleScripts.Demo1" name="MBLTest" time="0.009"/>
  <testcase classname="com.TestNGSampleScripts.Demo1" name="MBRTest" time="0.003"/>
</testsuite> <!-- Test -->
