<?xml version="1.0" encoding="UTF-8"?>
<testng-results ignored="0" total="1" passed="1" failed="0" skipped="0">
  <reporter-output>
  </reporter-output>
  <suite started-at="2022-03-21T23:28:58 IST" name="Default suite" finished-at="2022-03-21T23:29:13 IST" duration-ms="14771">
    <groups>
    </groups>
    <test started-at="2022-03-21T23:28:58 IST" name="Default test" finished-at="2022-03-21T23:29:13 IST" duration-ms="14771">
      <class name="com.PageFactory.PageNavigatePOM">
        <test-method signature="navigatePOM()[pri:0, instance:com.PageFactory.PageNavigatePOM@82de64a]" started-at="2022-03-21T23:28:58 IST" name="navigatePOM" finished-at="2022-03-21T23:29:13 IST" duration-ms="14674" status="PASS">
          <reporter-output>
          </reporter-output>
        </test-method> <!-- navigatePOM -->
      </class> <!-- com.PageFactory.PageNavigatePOM -->
    </test> <!-- Default test -->
  </suite> <!-- Default suite -->
</testng-results>
